<?xml version="1.0" encoding="UTF-8"?>
<testsuite xmlns:xsi="http://www.w3.org/2001/XMLSchema-instance" xsi:schemaLocation="https://maven.apache.org/surefire/maven-surefire-plugin/xsd/surefire-test-report.xsd" name="runner.RunnerTest" time="6.712" tests="89" errors="0" skipped="0" failures="0">
  <properties>
    <property name="java.runtime.name" value="OpenJDK Runtime Environment"/>
    <property name="sun.boot.library.path" value="/usr/lib/jvm/java-8-openjdk-amd64/jre/lib/amd64"/>
    <property name="java.vm.version" value="25.275-b01"/>
    <property name="java.vm.vendor" value="Private Build"/>
    <property name="maven.multiModuleProjectDirectory" value="/home/quatroka/workspace/impacta-integration-testing-work"/>
    <property name="java.vendor.url" value="http://java.oracle.com/"/>
    <property name="path.separator" value=":"/>
    <property name="guice.disable.misplaced.annotation.check" value="true"/>
    <property name="java.vm.name" value="OpenJDK 64-Bit Server VM"/>
    <property name="file.encoding.pkg" value="sun.io"/>
    <property name="user.country" value="US"/>
    <property name="sun.java.launcher" value="SUN_STANDARD"/>
    <property name="sun.os.patch.level" value="unknown"/>
    <property name="java.vm.specification.name" value="Java Virtual Machine Specification"/>
    <property name="user.dir" value="/home/quatroka/workspace/impacta-integration-testing-work"/>
    <property name="java.runtime.version" value="1.8.0_275-8u275-b01-0ubuntu1~18.04-b01"/>
    <property name="java.awt.graphicsenv" value="sun.awt.X11GraphicsEnvironment"/>
    <property name="java.endorsed.dirs" value="/usr/lib/jvm/java-8-openjdk-amd64/jre/lib/endorsed"/>
    <property name="os.arch" value="amd64"/>
    <property name="java.io.tmpdir" value="/tmp"/>
    <property name="line.separator" value="&#10;"/>
    <property name="java.vm.specification.vendor" value="Oracle Corporation"/>
    <property name="os.name" value="Linux"/>
    <property name="classworlds.conf" value="/usr/share/maven/bin/m2.conf"/>
    <property name="sun.jnu.encoding" value="UTF-8"/>
    <property name="java.library.path" value="/usr/java/packages/lib/amd64:/usr/lib/x86_64-linux-gnu/jni:/lib/x86_64-linux-gnu:/usr/lib/x86_64-linux-gnu:/usr/lib/jni:/lib:/usr/lib"/>
    <property name="maven.conf" value="/usr/share/maven/conf"/>
    <property name="java.specification.name" value="Java Platform API Specification"/>
    <property name="java.class.version" value="52.0"/>
    <property name="sun.management.compiler" value="HotSpot 64-Bit Tiered Compilers"/>
    <property name="os.version" value="5.4.0-58-generic"/>
    <property name="library.jansi.path" value="/usr/share/maven/lib/jansi-native"/>
    <property name="user.home" value="/home/quatroka"/>
    <property name="user.timezone" value="America/Sao_Paulo"/>
    <property name="java.awt.printerjob" value="sun.print.PSPrinterJob"/>
    <property name="java.specification.version" value="1.8"/>
    <property name="file.encoding" value="UTF-8"/>
    <property name="user.name" value="quatroka"/>
    <property name="java.class.path" value="/usr/share/maven/boot/plexus-classworlds-2.x.jar"/>
    <property name="java.vm.specification.version" value="1.8"/>
    <property name="sun.arch.data.model" value="64"/>
    <property name="java.home" value="/usr/lib/jvm/java-8-openjdk-amd64/jre"/>
    <property name="sun.java.command" value="org.codehaus.plexus.classworlds.launcher.Launcher verify"/>
    <property name="java.specification.vendor" value="Oracle Corporation"/>
    <property name="user.language" value="en"/>
    <property name="awt.toolkit" value="sun.awt.X11.XToolkit"/>
    <property name="java.vm.info" value="mixed mode"/>
    <property name="java.version" value="1.8.0_275"/>
    <property name="java.ext.dirs" value="/usr/lib/jvm/java-8-openjdk-amd64/jre/lib/ext:/usr/java/packages/lib/ext"/>
    <property name="securerandom.source" value="file:/dev/./urandom"/>
    <property name="sun.boot.class.path" value="/usr/lib/jvm/java-8-openjdk-amd64/jre/lib/resources.jar:/usr/lib/jvm/java-8-openjdk-amd64/jre/lib/rt.jar:/usr/lib/jvm/java-8-openjdk-amd64/jre/lib/sunrsasign.jar:/usr/lib/jvm/java-8-openjdk-amd64/jre/lib/jsse.jar:/usr/lib/jvm/java-8-openjdk-amd64/jre/lib/jce.jar:/usr/lib/jvm/java-8-openjdk-amd64/jre/lib/charsets.jar:/usr/lib/jvm/java-8-openjdk-amd64/jre/lib/jfr.jar:/usr/lib/jvm/java-8-openjdk-amd64/jre/classes"/>
    <property name="java.vendor" value="Private Build"/>
    <property name="maven.home" value="/usr/share/maven"/>
    <property name="file.separator" value="/"/>
    <property name="java.vendor.url.bug" value="http://bugreport.sun.com/bugreport/"/>
    <property name="sun.cpu.endian" value="little"/>
    <property name="sun.io.unicode.encoding" value="UnicodeLittle"/>
    <property name="sun.desktop" value="gnome"/>
    <property name="sun.cpu.isalist" value=""/>
  </properties>
  <testcase name="Given user wants save a process" classname="Scenario: Create Process - POST" time="0"/>
  <testcase name="And and the user informs a process data" classname="Scenario: Create Process - POST" time="0"/>
  <testcase name="When user clicks on save button" classname="Scenario: Create Process - POST" time="0"/>
  <testcase name="Then user should see &quot;Salvo com sucesso&quot; message" classname="Scenario: Create Process - POST" time="0"/>
  <testcase name="Scenario: Create Process - POST" classname="Scenario: Create Process - POST" time="0"/>
  <testcase name="Given user wants save a process" classname="Scenario: Show process detail - GET" time="0"/>
  <testcase name="And and the user informs a process data" classname="Scenario: Show process detail - GET" time="0"/>
  <testcase name="Given user wants see a process with ID" classname="Scenario: Show process detail - GET" time="0"/>
  <testcase name="When user clicks on see button" classname="Scenario: Show process detail - GET" time="0"/>
  <testcase name="Then user should see &quot;Consulta realizada com sucesso&quot; message" classname="Scenario: Show process detail - GET" time="0"/>
  <testcase name="Scenario: Show process detail - GET" classname="Scenario: Show process detail - GET" time="0"/>
  <testcase name="Given user wants save a process" classname="| 10 | 422 | Guarda2 |  | S | N | Gisele da Silva | 20/10/2022 | 20/10/2021 |  | Aguardando |  | Erro ao editar processo |" time="0"/>
  <testcase name="And and the user informs a process data" classname="| 10 | 422 | Guarda2 |  | S | N | Gisele da Silva | 20/10/2022 | 20/10/2021 |  | Aguardando |  | Erro ao editar processo |" time="0"/>
  <testcase name="Given user wants edit a process" classname="| 10 | 422 | Guarda2 |  | S | N | Gisele da Silva | 20/10/2022 | 20/10/2021 |  | Aguardando |  | Erro ao editar processo |" time="0"/>
  <testcase name="And user informs &quot;vara&quot; equals to &quot;10&quot;" classname="| 10 | 422 | Guarda2 |  | S | N | Gisele da Silva | 20/10/2022 | 20/10/2021 |  | Aguardando |  | Erro ao editar processo |" time="0"/>
  <testcase name="And user informs &quot;numero_processo&quot; equals to &quot;422&quot;" classname="| 10 | 422 | Guarda2 |  | S | N | Gisele da Silva | 20/10/2022 | 20/10/2021 |  | Aguardando |  | Erro ao editar processo |" time="0"/>
  <testcase name="And user informs &quot;natureza&quot; equals to &quot;Guarda2&quot;" classname="| 10 | 422 | Guarda2 |  | S | N | Gisele da Silva | 20/10/2022 | 20/10/2021 |  | Aguardando |  | Erro ao editar processo |" time="0"/>
  <testcase name="And user informs &quot;partes&quot; equals to &quot;&quot;" classname="| 10 | 422 | Guarda2 |  | S | N | Gisele da Silva | 20/10/2022 | 20/10/2021 |  | Aguardando |  | Erro ao editar processo |" time="0"/>
  <testcase name="And user informs &quot;urgente&quot; equals to &quot;S&quot;" classname="| 10 | 422 | Guarda2 |  | S | N | Gisele da Silva | 20/10/2022 | 20/10/2021 |  | Aguardando |  | Erro ao editar processo |" time="0"/>
  <testcase name="And user informs &quot;arbitramento&quot; equals to &quot;N&quot;" classname="| 10 | 422 | Guarda2 |  | S | N | Gisele da Silva | 20/10/2022 | 20/10/2021 |  | Aguardando |  | Erro ao editar processo |" time="0"/>
  <testcase name="And user informs &quot;assistente_social&quot; equals to &quot;Gisele da Silva&quot;" classname="| 10 | 422 | Guarda2 |  | S | N | Gisele da Silva | 20/10/2022 | 20/10/2021 |  | Aguardando |  | Erro ao editar processo |" time="0"/>
  <testcase name="And user informs &quot;data_entrada&quot; equals to &quot;20/10/2022&quot;" classname="| 10 | 422 | Guarda2 |  | S | N | Gisele da Silva | 20/10/2022 | 20/10/2021 |  | Aguardando |  | Erro ao editar processo |" time="0"/>
  <testcase name="And user informs &quot;data_saida&quot; equals to &quot;20/10/2021&quot;" classname="| 10 | 422 | Guarda2 |  | S | N | Gisele da Silva | 20/10/2022 | 20/10/2021 |  | Aguardando |  | Erro ao editar processo |" time="0"/>
  <testcase name="And user informs &quot;data_agendamento&quot; equals to &quot;&quot;" classname="| 10 | 422 | Guarda2 |  | S | N | Gisele da Silva | 20/10/2022 | 20/10/2021 |  | Aguardando |  | Erro ao editar processo |" time="0"/>
  <testcase name="And user informs &quot;status&quot; equals to &quot;Aguardando&quot;" classname="| 10 | 422 | Guarda2 |  | S | N | Gisele da Silva | 20/10/2022 | 20/10/2021 |  | Aguardando |  | Erro ao editar processo |" time="0.001"/>
  <testcase name="And user informs &quot;observacao&quot; equals to &quot;&quot;" classname="| 10 | 422 | Guarda2 |  | S | N | Gisele da Silva | 20/10/2022 | 20/10/2021 |  | Aguardando |  | Erro ao editar processo |" time="0"/>
  <testcase name="When user clicks on edit button" classname="| 10 | 422 | Guarda2 |  | S | N | Gisele da Silva | 20/10/2022 | 20/10/2021 |  | Aguardando |  | Erro ao editar processo |" time="0"/>
  <testcase name="Then user should see &quot;Erro ao editar processo&quot; message" classname="| 10 | 422 | Guarda2 |  | S | N | Gisele da Silva | 20/10/2022 | 20/10/2021 |  | Aguardando |  | Erro ao editar processo |" time="0"/>
  <testcase name="| 10 | 422 | Guarda2 |  | S | N | Gisele da Silva | 20/10/2022 | 20/10/2021 |  | Aguardando |  | Erro ao editar processo |" classname="| 10 | 422 | Guarda2 |  | S | N | Gisele da Silva | 20/10/2022 | 20/10/2021 |  | Aguardando |  | Erro ao editar processo |" time="0"/>
  <testcase name="Given user wants save a process" classname="| 10 | 422 | Guarda2 | JOao X Maria | S | N | Gisele da Silva | 20/10/2022 | 20/10/2021 |  | Aguardando | Vai ser incrivel | Processo editado com sucesso |" time="0"/>
  <testcase name="And and the user informs a process data" classname="| 10 | 422 | Guarda2 | JOao X Maria | S | N | Gisele da Silva | 20/10/2022 | 20/10/2021 |  | Aguardando | Vai ser incrivel | Processo editado com sucesso |" time="0"/>
  <testcase name="Given user wants edit a process" classname="| 10 | 422 | Guarda2 | JOao X Maria | S | N | Gisele da Silva | 20/10/2022 | 20/10/2021 |  | Aguardando | Vai ser incrivel | Processo editado com sucesso |" time="0"/>
  <testcase name="And user informs &quot;vara&quot; equals to &quot;10&quot;" classname="| 10 | 422 | Guarda2 | JOao X Maria | S | N | Gisele da Silva | 20/10/2022 | 20/10/2021 |  | Aguardando | Vai ser incrivel | Processo editado com sucesso |" time="0"/>
  <testcase name="And user informs &quot;numero_processo&quot; equals to &quot;422&quot;" classname="| 10 | 422 | Guarda2 | JOao X Maria | S | N | Gisele da Silva | 20/10/2022 | 20/10/2021 |  | Aguardando | Vai ser incrivel | Processo editado com sucesso |" time="0"/>
  <testcase name="And user informs &quot;natureza&quot; equals to &quot;Guarda2&quot;" classname="| 10 | 422 | Guarda2 | JOao X Maria | S | N | Gisele da Silva | 20/10/2022 | 20/10/2021 |  | Aguardando | Vai ser incrivel | Processo editado com sucesso |" time="0"/>
  <testcase name="And user informs &quot;partes&quot; equals to &quot;JOao X Maria&quot;" classname="| 10 | 422 | Guarda2 | JOao X Maria | S | N | Gisele da Silva | 20/10/2022 | 20/10/2021 |  | Aguardando | Vai ser incrivel | Processo editado com sucesso |" time="0"/>
  <testcase name="And user informs &quot;urgente&quot; equals to &quot;S&quot;" classname="| 10 | 422 | Guarda2 | JOao X Maria | S | N | Gisele da Silva | 20/10/2022 | 20/10/2021 |  | Aguardando | Vai ser incrivel | Processo editado com sucesso |" time="0.001"/>
  <testcase name="And user informs &quot;arbitramento&quot; equals to &quot;N&quot;" classname="| 10 | 422 | Guarda2 | JOao X Maria | S | N | Gisele da Silva | 20/10/2022 | 20/10/2021 |  | Aguardando | Vai ser incrivel | Processo editado com sucesso |" time="0"/>
  <testcase name="And user informs &quot;assistente_social&quot; equals to &quot;Gisele da Silva&quot;" classname="| 10 | 422 | Guarda2 | JOao X Maria | S | N | Gisele da Silva | 20/10/2022 | 20/10/2021 |  | Aguardando | Vai ser incrivel | Processo editado com sucesso |" time="0"/>
  <testcase name="And user informs &quot;data_entrada&quot; equals to &quot;20/10/2022&quot;" classname="| 10 | 422 | Guarda2 | JOao X Maria | S | N | Gisele da Silva | 20/10/2022 | 20/10/2021 |  | Aguardando | Vai ser incrivel | Processo editado com sucesso |" time="0"/>
  <testcase name="And user informs &quot;data_saida&quot; equals to &quot;20/10/2021&quot;" classname="| 10 | 422 | Guarda2 | JOao X Maria | S | N | Gisele da Silva | 20/10/2022 | 20/10/2021 |  | Aguardando | Vai ser incrivel | Processo editado com sucesso |" time="0"/>
  <testcase name="And user informs &quot;data_agendamento&quot; equals to &quot;&quot;" classname="| 10 | 422 | Guarda2 | JOao X Maria | S | N | Gisele da Silva | 20/10/2022 | 20/10/2021 |  | Aguardando | Vai ser incrivel | Processo editado com sucesso |" time="0"/>
  <testcase name="And user informs &quot;status&quot; equals to &quot;Aguardando&quot;" classname="| 10 | 422 | Guarda2 | JOao X Maria | S | N | Gisele da Silva | 20/10/2022 | 20/10/2021 |  | Aguardando | Vai ser incrivel | Processo editado com sucesso |" time="0"/>
  <testcase name="And user informs &quot;observacao&quot; equals to &quot;Vai ser incrivel&quot;" classname="| 10 | 422 | Guarda2 | JOao X Maria | S | N | Gisele da Silva | 20/10/2022 | 20/10/2021 |  | Aguardando | Vai ser incrivel | Processo editado com sucesso |" time="0"/>
  <testcase name="When user clicks on edit button" classname="| 10 | 422 | Guarda2 | JOao X Maria | S | N | Gisele da Silva | 20/10/2022 | 20/10/2021 |  | Aguardando | Vai ser incrivel | Processo editado com sucesso |" time="0"/>
  <testcase name="Then user should see &quot;Processo editado com sucesso&quot; message" classname="| 10 | 422 | Guarda2 | JOao X Maria | S | N | Gisele da Silva | 20/10/2022 | 20/10/2021 |  | Aguardando | Vai ser incrivel | Processo editado com sucesso |" time="0"/>
  <testcase name="| 10 | 422 | Guarda2 | JOao X Maria | S | N | Gisele da Silva | 20/10/2022 | 20/10/2021 |  | Aguardando | Vai ser incrivel | Processo editado com sucesso |" classname="| 10 | 422 | Guarda2 | JOao X Maria | S | N | Gisele da Silva | 20/10/2022 | 20/10/2021 |  | Aguardando | Vai ser incrivel | Processo editado com sucesso |" time="0"/>
  <testcase name="Given user wants save a process" classname="| 10 | 422 | Guarda2 | Fulatinha | S |  | Gisele da Silva | 20/10/2022 | 20/10/2021 |  | Aguardando |  | Erro ao editar processo |" time="0"/>
  <testcase name="And and the user informs a process data" classname="| 10 | 422 | Guarda2 | Fulatinha | S |  | Gisele da Silva | 20/10/2022 | 20/10/2021 |  | Aguardando |  | Erro ao editar processo |" time="0"/>
  <testcase name="Given user wants edit a process" classname="| 10 | 422 | Guarda2 | Fulatinha | S |  | Gisele da Silva | 20/10/2022 | 20/10/2021 |  | Aguardando |  | Erro ao editar processo |" time="0"/>
  <testcase name="And user informs &quot;vara&quot; equals to &quot;10&quot;" classname="| 10 | 422 | Guarda2 | Fulatinha | S |  | Gisele da Silva | 20/10/2022 | 20/10/2021 |  | Aguardando |  | Erro ao editar processo |" time="0"/>
  <testcase name="And user informs &quot;numero_processo&quot; equals to &quot;422&quot;" classname="| 10 | 422 | Guarda2 | Fulatinha | S |  | Gisele da Silva | 20/10/2022 | 20/10/2021 |  | Aguardando |  | Erro ao editar processo |" time="0"/>
  <testcase name="And user informs &quot;natureza&quot; equals to &quot;Guarda2&quot;" classname="| 10 | 422 | Guarda2 | Fulatinha | S |  | Gisele da Silva | 20/10/2022 | 20/10/2021 |  | Aguardando |  | Erro ao editar processo |" time="0"/>
  <testcase name="And user informs &quot;partes&quot; equals to &quot;Fulatinha&quot;" classname="| 10 | 422 | Guarda2 | Fulatinha | S |  | Gisele da Silva | 20/10/2022 | 20/10/2021 |  | Aguardando |  | Erro ao editar processo |" time="0"/>
  <testcase name="And user informs &quot;urgente&quot; equals to &quot;S&quot;" classname="| 10 | 422 | Guarda2 | Fulatinha | S |  | Gisele da Silva | 20/10/2022 | 20/10/2021 |  | Aguardando |  | Erro ao editar processo |" time="0"/>
  <testcase name="And user informs &quot;arbitramento&quot; equals to &quot;&quot;" classname="| 10 | 422 | Guarda2 | Fulatinha | S |  | Gisele da Silva | 20/10/2022 | 20/10/2021 |  | Aguardando |  | Erro ao editar processo |" time="0"/>
  <testcase name="And user informs &quot;assistente_social&quot; equals to &quot;Gisele da Silva&quot;" classname="| 10 | 422 | Guarda2 | Fulatinha | S |  | Gisele da Silva | 20/10/2022 | 20/10/2021 |  | Aguardando |  | Erro ao editar processo |" time="0"/>
  <testcase name="And user informs &quot;data_entrada&quot; equals to &quot;20/10/2022&quot;" classname="| 10 | 422 | Guarda2 | Fulatinha | S |  | Gisele da Silva | 20/10/2022 | 20/10/2021 |  | Aguardando |  | Erro ao editar processo |" time="0"/>
  <testcase name="And user informs &quot;data_saida&quot; equals to &quot;20/10/2021&quot;" classname="| 10 | 422 | Guarda2 | Fulatinha | S |  | Gisele da Silva | 20/10/2022 | 20/10/2021 |  | Aguardando |  | Erro ao editar processo |" time="0"/>
  <testcase name="And user informs &quot;data_agendamento&quot; equals to &quot;&quot;" classname="| 10 | 422 | Guarda2 | Fulatinha | S |  | Gisele da Silva | 20/10/2022 | 20/10/2021 |  | Aguardando |  | Erro ao editar processo |" time="0"/>
  <testcase name="And user informs &quot;status&quot; equals to &quot;Aguardando&quot;" classname="| 10 | 422 | Guarda2 | Fulatinha | S |  | Gisele da Silva | 20/10/2022 | 20/10/2021 |  | Aguardando |  | Erro ao editar processo |" time="0"/>
  <testcase name="And user informs &quot;observacao&quot; equals to &quot;&quot;" classname="| 10 | 422 | Guarda2 | Fulatinha | S |  | Gisele da Silva | 20/10/2022 | 20/10/2021 |  | Aguardando |  | Erro ao editar processo |" time="0"/>
  <testcase name="When user clicks on edit button" classname="| 10 | 422 | Guarda2 | Fulatinha | S |  | Gisele da Silva | 20/10/2022 | 20/10/2021 |  | Aguardando |  | Erro ao editar processo |" time="0"/>
  <testcase name="Then user should see &quot;Erro ao editar processo&quot; message" classname="| 10 | 422 | Guarda2 | Fulatinha | S |  | Gisele da Silva | 20/10/2022 | 20/10/2021 |  | Aguardando |  | Erro ao editar processo |" time="0.003"/>
  <testcase name="| 10 | 422 | Guarda2 | Fulatinha | S |  | Gisele da Silva | 20/10/2022 | 20/10/2021 |  | Aguardando |  | Erro ao editar processo |" classname="| 10 | 422 | Guarda2 | Fulatinha | S |  | Gisele da Silva | 20/10/2022 | 20/10/2021 |  | Aguardando |  | Erro ao editar processo |" time="0.003"/>
  <testcase name="Given user wants save a process" classname="| 1 | 1 | Auditoria | Empresa X Empresa | N | N | Clayton das couves | 01/02/2018 |  | 01/02/2023 | Em Analise |  | Processo editado com sucesso |" time="0"/>
  <testcase name="And and the user informs a process data" classname="| 1 | 1 | Auditoria | Empresa X Empresa | N | N | Clayton das couves | 01/02/2018 |  | 01/02/2023 | Em Analise |  | Processo editado com sucesso |" time="0"/>
  <testcase name="Given user wants edit a process" classname="| 1 | 1 | Auditoria | Empresa X Empresa | N | N | Clayton das couves | 01/02/2018 |  | 01/02/2023 | Em Analise |  | Processo editado com sucesso |" time="0"/>
  <testcase name="And user informs &quot;vara&quot; equals to &quot;1&quot;" classname="| 1 | 1 | Auditoria | Empresa X Empresa | N | N | Clayton das couves | 01/02/2018 |  | 01/02/2023 | Em Analise |  | Processo editado com sucesso |" time="0"/>
  <testcase name="And user informs &quot;numero_processo&quot; equals to &quot;1&quot;" classname="| 1 | 1 | Auditoria | Empresa X Empresa | N | N | Clayton das couves | 01/02/2018 |  | 01/02/2023 | Em Analise |  | Processo editado com sucesso |" time="0"/>
  <testcase name="And user informs &quot;natureza&quot; equals to &quot;Auditoria&quot;" classname="| 1 | 1 | Auditoria | Empresa X Empresa | N | N | Clayton das couves | 01/02/2018 |  | 01/02/2023 | Em Analise |  | Processo editado com sucesso |" time="0"/>
  <testcase name="And user informs &quot;partes&quot; equals to &quot;Empresa X Empresa&quot;" classname="| 1 | 1 | Auditoria | Empresa X Empresa | N | N | Clayton das couves | 01/02/2018 |  | 01/02/2023 | Em Analise |  | Processo editado com sucesso |" time="0"/>
  <testcase name="And user informs &quot;urgente&quot; equals to &quot;N&quot;" classname="| 1 | 1 | Auditoria | Empresa X Empresa | N | N | Clayton das couves | 01/02/2018 |  | 01/02/2023 | Em Analise |  | Processo editado com sucesso |" time="0"/>
  <testcase name="And user informs &quot;arbitramento&quot; equals to &quot;N&quot;" classname="| 1 | 1 | Auditoria | Empresa X Empresa | N | N | Clayton das couves | 01/02/2018 |  | 01/02/2023 | Em Analise |  | Processo editado com sucesso |" time="0"/>
  <testcase name="And user informs &quot;assistente_social&quot; equals to &quot;Clayton das couves&quot;" classname="| 1 | 1 | Auditoria | Empresa X Empresa | N | N | Clayton das couves | 01/02/2018 |  | 01/02/2023 | Em Analise |  | Processo editado com sucesso |" time="0"/>
  <testcase name="And user informs &quot;data_entrada&quot; equals to &quot;01/02/2018&quot;" classname="| 1 | 1 | Auditoria | Empresa X Empresa | N | N | Clayton das couves | 01/02/2018 |  | 01/02/2023 | Em Analise |  | Processo editado com sucesso |" time="0"/>
  <testcase name="And user informs &quot;data_saida&quot; equals to &quot;&quot;" classname="| 1 | 1 | Auditoria | Empresa X Empresa | N | N | Clayton das couves | 01/02/2018 |  | 01/02/2023 | Em Analise |  | Processo editado com sucesso |" time="0"/>
  <testcase name="And user informs &quot;data_agendamento&quot; equals to &quot;01/02/2023&quot;" classname="| 1 | 1 | Auditoria | Empresa X Empresa | N | N | Clayton das couves | 01/02/2018 |  | 01/02/2023 | Em Analise |  | Processo editado com sucesso |" time="0"/>
  <testcase name="And user informs &quot;status&quot; equals to &quot;Em Analise&quot;" classname="| 1 | 1 | Auditoria | Empresa X Empresa | N | N | Clayton das couves | 01/02/2018 |  | 01/02/2023 | Em Analise |  | Processo editado com sucesso |" time="0"/>
  <testcase name="And user informs &quot;observacao&quot; equals to &quot;&quot;" classname="| 1 | 1 | Auditoria | Empresa X Empresa | N | N | Clayton das couves | 01/02/2018 |  | 01/02/2023 | Em Analise |  | Processo editado com sucesso |" time="0"/>
  <testcase name="When user clicks on edit button" classname="| 1 | 1 | Auditoria | Empresa X Empresa | N | N | Clayton das couves | 01/02/2018 |  | 01/02/2023 | Em Analise |  | Processo editado com sucesso |" time="0.007"/>
  <testcase name="Then user should see &quot;Processo editado com sucesso&quot; message" classname="| 1 | 1 | Auditoria | Empresa X Empresa | N | N | Clayton das couves | 01/02/2018 |  | 01/02/2023 | Em Analise |  | Processo editado com sucesso |" time="0"/>
  <testcase name="| 1 | 1 | Auditoria | Empresa X Empresa | N | N | Clayton das couves | 01/02/2018 |  | 01/02/2023 | Em Analise |  | Processo editado com sucesso |" classname="| 1 | 1 | Auditoria | Empresa X Empresa | N | N | Clayton das couves | 01/02/2018 |  | 01/02/2023 | Em Analise |  | Processo editado com sucesso |" time="0"/>
  <testcase name="Given user wants save a process" classname="Scenario: Delete process - DELETE" time="0"/>
  <testcase name="And and the user informs a process data" classname="Scenario: Delete process - DELETE" time="0"/>
  <testcase name="Given user wants delete a process with ID" classname="Scenario: Delete process - DELETE" time="0"/>
  <testcase name="When user clicks on delete button" classname="Scenario: Delete process - DELETE" time="0"/>
  <testcase name="Then user should see &quot;Deletado com sucesso&quot; message" classname="Scenario: Delete process - DELETE" time="0"/>
  <testcase name="Scenario: Delete process - DELETE" classname="Scenario: Delete process - DELETE" time="0"/>
</testsuite>